<?xml version="1.0" encoding="UTF-8"?>
<!-- Generated by org.testng.reporters.JUnitReportReporter -->
<testsuite hostname="DESKTOP-BI2JSEP" failures="0" tests="1" name="selenium.Cucumber.Runner.Runner" time="16.781" errors="0" timestamp="2021-11-06T15:56:20 IST" skipped="0">
  <testcase classname="selenium.Cucumber.Runner.Runner" name="runScenario" time="16.781"/>
  <system-out/>
</testsuite> <!-- selenium.Cucumber.Runner.Runner -->
