<?xml version="1.0" encoding="UTF-8"?>
<!-- Generated by org.testng.reporters.JUnitReportReporter -->
<testsuite hostname="DESKTOP-BI2JSEP" failures="0" tests="1" name="selenium.testNG.WorkType.S01962_EditWorkTypeNegative" time="23.176" errors="0" timestamp="2021-10-10T14:35:49 IST" skipped="0">
  <testcase classname="selenium.testNG.WorkType.S01962_EditWorkTypeNegative" name="EditWorkTypeNegative" time="23.176"/>
  <system-out/>
</testsuite> <!-- selenium.testNG.WorkType.S01962_EditWorkTypeNegative -->
