<?xml version="1.0" encoding="UTF-8"?>
<!-- Generated by org.testng.reporters.JUnitReportReporter -->
<testsuite hostname="DESKTOP-BI2JSEP" failures="0" tests="3" name="selenium.S017.S0155_DeleteCase" time="86.505" errors="0" timestamp="2021-10-17T19:36:10 IST" skipped="0">
  <testcase classname="selenium.S017.S0155_DeleteCase" name="deleteCase" time="27.346"/>
  <system-out/>
  <testcase classname="selenium.S017.S0155_DeleteCase" name="deleteCase" time="28.881"/>
  <system-out/>
  <testcase classname="selenium.S017.S0155_DeleteCase" name="deleteCase" time="30.278"/>
  <system-out/>
</testsuite> <!-- selenium.S017.S0155_DeleteCase -->
