<?xml version="1.0" encoding="UTF-8"?>
<!-- Generated by org.testng.reporters.JUnitReportReporter -->
<testsuite hostname="DESKTOP-BI2JSEP" failures="0" tests="2" name="selenium.POM.ThreadLocal.CucumberRunner.RunnerforS0116_Chrome" time="87.145" errors="0" timestamp="2021-11-14T00:02:45 IST" skipped="0">
  <testcase classname="selenium.POM.ThreadLocal.CucumberRunner.RunnerforS0116_Chrome" name="runScenario" time="53.644"/>
  <system-out/>
  <testcase classname="selenium.POM.ThreadLocal.CucumberRunner.RunnerforS0116_Chrome" name="runScenario" time="33.501"/>
  <system-out/>
</testsuite> <!-- selenium.POM.ThreadLocal.CucumberRunner.RunnerforS0116_Chrome -->
