<?xml version="1.0" encoding="UTF-8"?>
<!-- Generated by org.testng.reporters.JUnitReportReporter -->
<testsuite hostname="DESKTOP-BI2JSEP" failures="0" tests="6" name="selenium.POM.ThreadLocal.testcases.S017.S0153_CreateNewCase" time="273.689" errors="0" timestamp="2021-10-30T10:41:38 IST" skipped="0">
  <testcase classname="selenium.POM.ThreadLocal.testcases.S017.S0153_CreateNewCase" name="newCaseCreation" time="45.051"/>
  <system-out/>
  <testcase classname="selenium.POM.ThreadLocal.testcases.S017.S0153_CreateNewCase" name="newCaseCreation" time="45.570"/>
  <system-out/>
  <testcase classname="selenium.POM.ThreadLocal.testcases.S017.S0153_CreateNewCase" name="newCaseCreation" time="41.271"/>
  <system-out/>
  <testcase classname="selenium.POM.ThreadLocal.testcases.S017.S0153_CreateNewCase" name="newCaseCreation" time="47.043"/>
  <system-out/>
  <testcase classname="selenium.POM.ThreadLocal.testcases.S017.S0153_CreateNewCase" name="newCaseCreation" time="44.569"/>
  <system-out/>
  <testcase classname="selenium.POM.ThreadLocal.testcases.S017.S0153_CreateNewCase" name="newCaseCreation" time="50.185"/>
  <system-out/>
</testsuite> <!-- selenium.POM.ThreadLocal.testcases.S017.S0153_CreateNewCase -->
