<?xml version="1.0" encoding="UTF-8"?>
<!-- Generated by org.testng.reporters.JUnitReportReporter -->
<testsuite hostname="DESKTOP-BI2JSEP" failures="0" tests="5" name="selenium.POM.ThreadLocal.CucumberRunner.RunnerforS0116_Chrome" time="314.453" errors="0" timestamp="2021-11-14T18:17:37 IST" skipped="0">
  <testcase classname="selenium.POM.ThreadLocal.CucumberRunner.RunnerforS0116_Chrome" name="runScenario" time="88.071"/>
  <system-out/>
  <testcase classname="selenium.POM.ThreadLocal.CucumberRunner.RunnerforS0116_Chrome" name="runScenario" time="46.853"/>
  <system-out/>
  <testcase classname="selenium.POM.ThreadLocal.CucumberRunner.RunnerforS0116_Chrome" name="runScenario" time="51.940"/>
  <system-out/>
  <testcase classname="selenium.POM.ThreadLocal.CucumberRunner.RunnerforS0116_Chrome" name="runScenario" time="86.910"/>
  <system-out/>
  <testcase classname="selenium.POM.ThreadLocal.CucumberRunner.RunnerforS0116_Chrome" name="runScenario" time="40.679"/>
  <system-out/>
</testsuite> <!-- selenium.POM.ThreadLocal.CucumberRunner.RunnerforS0116_Chrome -->
