<?xml version="1.0" encoding="UTF-8"?>
<!-- Generated by org.testng.reporters.JUnitReportReporter -->
<testsuite hostname="DESKTOP-BI2JSEP" failures="0" tests="4" name="selenium.POM.ThreadLocal.testcases.S017.S0156_CreateCasewithoutmandatoryfields" time="169.323" errors="0" timestamp="2021-10-31T14:00:42 IST" skipped="0">
  <testcase classname="selenium.POM.ThreadLocal.testcases.S017.S0156_CreateCasewithoutmandatoryfields" name="newCaseCreationNegative" time="46.238"/>
  <system-out/>
  <testcase classname="selenium.POM.ThreadLocal.testcases.S017.S0156_CreateCasewithoutmandatoryfields" name="newCaseCreationNegative" time="37.325"/>
  <system-out/>
  <testcase classname="selenium.POM.ThreadLocal.testcases.S017.S0156_CreateCasewithoutmandatoryfields" name="newCaseCreationNegative" time="43.336"/>
  <system-out/>
  <testcase classname="selenium.POM.ThreadLocal.testcases.S017.S0156_CreateCasewithoutmandatoryfields" name="newCaseCreationNegative" time="42.424"/>
  <system-out/>
</testsuite> <!-- selenium.POM.ThreadLocal.testcases.S017.S0156_CreateCasewithoutmandatoryfields -->
