<?xml version="1.0" encoding="UTF-8"?>
<!-- Generated by org.testng.reporters.JUnitReportReporter -->
<testsuite hostname="DESKTOP-BI2JSEP" failures="0" tests="6" name="selenium.POM.ThreadLocal.testcases.S017.S0155_DeleteCase" time="229.670" errors="0" timestamp="2021-10-30T10:41:38 IST" skipped="0">
  <testcase classname="selenium.POM.ThreadLocal.testcases.S017.S0155_DeleteCase" name="deleteCase" time="33.726"/>
  <system-out/>
  <testcase classname="selenium.POM.ThreadLocal.testcases.S017.S0155_DeleteCase" name="deleteCase" time="35.688"/>
  <system-out/>
  <testcase classname="selenium.POM.ThreadLocal.testcases.S017.S0155_DeleteCase" name="deleteCase" time="38.772"/>
  <system-out/>
  <testcase classname="selenium.POM.ThreadLocal.testcases.S017.S0155_DeleteCase" name="deleteCase" time="43.435"/>
  <system-out/>
  <testcase classname="selenium.POM.ThreadLocal.testcases.S017.S0155_DeleteCase" name="deleteCase" time="38.769"/>
  <system-out/>
  <testcase classname="selenium.POM.ThreadLocal.testcases.S017.S0155_DeleteCase" name="deleteCase" time="39.280"/>
  <system-out/>
</testsuite> <!-- selenium.POM.ThreadLocal.testcases.S017.S0155_DeleteCase -->
