<?xml version="1.0" encoding="UTF-8"?>
<!-- Generated by org.testng.reporters.JUnitReportReporter -->
<testsuite hostname="DESKTOP-BI2JSEP" failures="0" tests="7" name="selenium.POM.testcases.S017.S0153_CreateNewCase" time="317.545" errors="0" timestamp="2021-10-25T23:45:41 IST" skipped="1">
  <testcase classname="selenium.POM.testcases.S017.S0153_CreateNewCase" name="newCaseCreation" time="39.915"/>
  <system-out/>
  <testcase classname="selenium.POM.testcases.S017.S0153_CreateNewCase" name="newCaseCreation" time="57.870"/>
  <system-out/>
  <testcase classname="selenium.POM.testcases.S017.S0153_CreateNewCase" name="newCaseCreation" time="61.114"/>
  <system-out/>
  <testcase classname="selenium.POM.testcases.S017.S0153_CreateNewCase" name="newCaseCreation" time="39.670"/>
  <system-out/>
  <testcase classname="selenium.POM.testcases.S017.S0153_CreateNewCase" name="newCaseCreation" time="42.385"/>
  <system-out/>
  <testcase classname="selenium.POM.testcases.S017.S0153_CreateNewCase" name="newCaseCreation" time="44.161"/>
  <system-out/>
  <testcase classname="selenium.POM.testcases.S017.S0153_CreateNewCase" name="newCaseCreation" time="32.430">
    <skipped/>
  </testcase> <!-- newCaseCreation -->
  <system-out/>
</testsuite> <!-- selenium.POM.testcases.S017.S0153_CreateNewCase -->
