<?xml version="1.0" encoding="UTF-8"?>
<!-- Generated by org.testng.reporters.JUnitReportReporter -->
<testsuite hostname="DESKTOP-BI2JSEP" failures="0" tests="2" name="selenium.testNG.WorkType.S01964_DeleteWorkType" time="66.371" errors="0" timestamp="2021-10-16T01:08:47 IST" skipped="0">
  <testcase classname="selenium.testNG.WorkType.S01964_DeleteWorkType" name="DeleteWorkType" time="33.424"/>
  <system-out/>
  <testcase classname="selenium.testNG.WorkType.S01964_DeleteWorkType" name="DeleteWorkType" time="32.947"/>
  <system-out/>
</testsuite> <!-- selenium.testNG.WorkType.S01964_DeleteWorkType -->
