<?xml version="1.0" encoding="UTF-8"?>
<!-- Generated by org.testng.reporters.JUnitReportReporter -->
<testsuite hostname="DESKTOP-BI2JSEP" failures="0" tests="4" name="selenium.POM.testcases.S017.S0156_CreateCasewithoutmandatoryfields" time="164.994" errors="0" timestamp="2021-10-25T23:45:41 IST" skipped="0">
  <testcase classname="selenium.POM.testcases.S017.S0156_CreateCasewithoutmandatoryfields" name="newCaseCreationNegative" time="39.026"/>
  <system-out/>
  <testcase classname="selenium.POM.testcases.S017.S0156_CreateCasewithoutmandatoryfields" name="newCaseCreationNegative" time="39.424"/>
  <system-out/>
  <testcase classname="selenium.POM.testcases.S017.S0156_CreateCasewithoutmandatoryfields" name="newCaseCreationNegative" time="42.725"/>
  <system-out/>
  <testcase classname="selenium.POM.testcases.S017.S0156_CreateCasewithoutmandatoryfields" name="newCaseCreationNegative" time="43.819"/>
  <system-out/>
</testsuite> <!-- selenium.POM.testcases.S017.S0156_CreateCasewithoutmandatoryfields -->
