<?xml version="1.0" encoding="UTF-8"?>
<!-- Generated by org.testng.reporters.JUnitReportReporter -->
<testsuite hostname="DESKTOP-BI2JSEP" failures="0" tests="2" name="selenium.testNG.WorkType.S01963_EditWorkType" time="69.768" errors="0" timestamp="2021-10-16T17:27:55 IST" skipped="0">
  <testcase classname="selenium.testNG.WorkType.S01963_EditWorkType" name="EditWorkType" time="27.495"/>
  <system-out/>
  <testcase classname="selenium.testNG.WorkType.S01963_EditWorkType" name="EditWorkType" time="42.273"/>
  <system-out/>
</testsuite> <!-- selenium.testNG.WorkType.S01963_EditWorkType -->
