<?xml version="1.0" encoding="UTF-8"?>
<!-- Generated by org.testng.reporters.JUnitReportReporter -->
<testsuite hostname="DESKTOP-BI2JSEP" failures="0" tests="7" name="selenium.POM.ThreadLocal.testcases.S012.S0130_EditAccount" time="388.682" errors="0" timestamp="2021-10-31T11:28:11 IST" skipped="1">
  <testcase classname="selenium.POM.ThreadLocal.testcases.S012.S0130_EditAccount" name="editAcount" time="54.955"/>
  <system-out/>
  <testcase classname="selenium.POM.ThreadLocal.testcases.S012.S0130_EditAccount" name="editAcount" time="58.119"/>
  <system-out/>
  <testcase classname="selenium.POM.ThreadLocal.testcases.S012.S0130_EditAccount" name="editAcount" time="54.244"/>
  <system-out/>
  <testcase classname="selenium.POM.ThreadLocal.testcases.S012.S0130_EditAccount" name="editAcount" time="60.029">
    <skipped/>
  </testcase> <!-- editAcount -->
  <system-out/>
  <testcase classname="selenium.POM.ThreadLocal.testcases.S012.S0130_EditAccount" name="editAcount" time="53.500"/>
  <system-out/>
  <testcase classname="selenium.POM.ThreadLocal.testcases.S012.S0130_EditAccount" name="editAcount" time="53.723"/>
  <system-out/>
  <testcase classname="selenium.POM.ThreadLocal.testcases.S012.S0130_EditAccount" name="editAcount" time="54.112"/>
  <system-out/>
</testsuite> <!-- selenium.POM.ThreadLocal.testcases.S012.S0130_EditAccount -->
