<?xml version="1.0" encoding="UTF-8"?>
<!-- Generated by org.testng.reporters.JUnitReportReporter -->
<testsuite hostname="DESKTOP-BI2JSEP" failures="0" tests="6" name="selenium.POM.ThreadLocal.testcases.S012.S0129_CreateNewAcount" time="316.224" errors="0" timestamp="2021-10-31T11:28:11 IST" skipped="0">
  <testcase classname="selenium.POM.ThreadLocal.testcases.S012.S0129_CreateNewAcount" name="newAccountCreate" time="48.541"/>
  <system-out/>
  <testcase classname="selenium.POM.ThreadLocal.testcases.S012.S0129_CreateNewAcount" name="newAccountCreate" time="69.569"/>
  <system-out/>
  <testcase classname="selenium.POM.ThreadLocal.testcases.S012.S0129_CreateNewAcount" name="newAccountCreate" time="50.200"/>
  <system-out/>
  <testcase classname="selenium.POM.ThreadLocal.testcases.S012.S0129_CreateNewAcount" name="newAccountCreate" time="53.401"/>
  <system-out/>
  <testcase classname="selenium.POM.ThreadLocal.testcases.S012.S0129_CreateNewAcount" name="newAccountCreate" time="51.103"/>
  <system-out/>
  <testcase classname="selenium.POM.ThreadLocal.testcases.S012.S0129_CreateNewAcount" name="newAccountCreate" time="43.410"/>
  <system-out/>
</testsuite> <!-- selenium.POM.ThreadLocal.testcases.S012.S0129_CreateNewAcount -->
