<?xml version="1.0" encoding="UTF-8"?>
<!-- Generated by org.testng.reporters.JUnitReportReporter -->
<testsuite hostname="DESKTOP-BI2JSEP" failures="0" tests="2" name="selenium.testNG.WorkType.S01963_EditWorkType" time="71.925" errors="0" timestamp="2021-10-11T00:06:36 IST" skipped="0">
  <testcase classname="selenium.testNG.WorkType.S01963_EditWorkType" name="EditWorkType" time="36.987"/>
  <system-out/>
  <testcase classname="selenium.testNG.WorkType.S01963_EditWorkType" name="EditWorkType" time="34.938"/>
  <system-out/>
</testsuite> <!-- selenium.testNG.WorkType.S01963_EditWorkType -->
