<?xml version="1.0" encoding="UTF-8"?>
<!-- Generated by org.testng.reporters.JUnitReportReporter -->
<testsuite hostname="DESKTOP-BI2JSEP" failures="0" tests="6" name="selenium.POM.ThreadLocal.testcases.S017.S0155_DeleteCase" time="221.536" errors="0" timestamp="2021-10-31T14:00:42 IST" skipped="0">
  <testcase classname="selenium.POM.ThreadLocal.testcases.S017.S0155_DeleteCase" name="deleteCase" time="38.621"/>
  <system-out/>
  <testcase classname="selenium.POM.ThreadLocal.testcases.S017.S0155_DeleteCase" name="deleteCase" time="31.936"/>
  <system-out/>
  <testcase classname="selenium.POM.ThreadLocal.testcases.S017.S0155_DeleteCase" name="deleteCase" time="39.762"/>
  <system-out/>
  <testcase classname="selenium.POM.ThreadLocal.testcases.S017.S0155_DeleteCase" name="deleteCase" time="35.428"/>
  <system-out/>
  <testcase classname="selenium.POM.ThreadLocal.testcases.S017.S0155_DeleteCase" name="deleteCase" time="37.875"/>
  <system-out/>
  <testcase classname="selenium.POM.ThreadLocal.testcases.S017.S0155_DeleteCase" name="deleteCase" time="37.914"/>
  <system-out/>
</testsuite> <!-- selenium.POM.ThreadLocal.testcases.S017.S0155_DeleteCase -->
