<?xml version="1.0" encoding="UTF-8"?>
<!-- Generated by org.testng.reporters.JUnitReportReporter -->
<testsuite hostname="DESKTOP-BI2JSEP" failures="0" tests="3" name="selenium.testNG.WorkType.S01964_DeleteWorkType" time="87.473" errors="0" timestamp="2021-10-24T12:49:47 IST" skipped="0">
  <testcase classname="selenium.testNG.WorkType.S01964_DeleteWorkType" name="DeleteWorkType" time="29.558"/>
  <system-out/>
  <testcase classname="selenium.testNG.WorkType.S01964_DeleteWorkType" name="DeleteWorkType" time="28.488"/>
  <system-out/>
  <testcase classname="selenium.testNG.WorkType.S01964_DeleteWorkType" name="DeleteWorkType" time="29.427"/>
  <system-out/>
</testsuite> <!-- selenium.testNG.WorkType.S01964_DeleteWorkType -->
