<?xml version="1.0" encoding="UTF-8"?>
<!-- Generated by org.testng.reporters.JUnitReportReporter -->
<testsuite hostname="DESKTOP-BI2JSEP" failures="0" tests="1" name="selenium.testNG.WorkType.S01964_DeleteWorkType" time="0.000" errors="0" timestamp="2021-10-16T17:27:55 IST" skipped="1">
  <testcase classname="selenium.testNG.WorkType.S01964_DeleteWorkType" name="DeleteWorkType" time="0.000">
    <skipped/>
  </testcase> <!-- DeleteWorkType -->
  <system-out/>
</testsuite> <!-- selenium.testNG.WorkType.S01964_DeleteWorkType -->
