<?xml version="1.0" encoding="UTF-8"?>
<!-- Generated by org.testng.reporters.JUnitReportReporter -->
<testsuite hostname="DESKTOP-BI2JSEP" failures="0" tests="7" name="selenium.POM.ThreadLocal.CucumberRunner.RunnerforChrome" time="257.737" errors="0" timestamp="2021-11-07T18:00:16 IST" skipped="0">
  <testcase classname="selenium.POM.ThreadLocal.CucumberRunner.RunnerforChrome" name="runScenario" time="33.064"/>
  <system-out/>
  <testcase classname="selenium.POM.ThreadLocal.CucumberRunner.RunnerforChrome" name="runScenario" time="38.303"/>
  <system-out/>
  <testcase classname="selenium.POM.ThreadLocal.CucumberRunner.RunnerforChrome" name="runScenario" time="40.637"/>
  <system-out/>
  <testcase classname="selenium.POM.ThreadLocal.CucumberRunner.RunnerforChrome" name="runScenario" time="31.528"/>
  <system-out/>
  <testcase classname="selenium.POM.ThreadLocal.CucumberRunner.RunnerforChrome" name="runScenario" time="37.295"/>
  <system-out/>
  <testcase classname="selenium.POM.ThreadLocal.CucumberRunner.RunnerforChrome" name="runScenario" time="42.313"/>
  <system-out/>
  <testcase classname="selenium.POM.ThreadLocal.CucumberRunner.RunnerforChrome" name="runScenario" time="34.597"/>
  <system-out/>
</testsuite> <!-- selenium.POM.ThreadLocal.CucumberRunner.RunnerforChrome -->
