<?xml version="1.0" encoding="UTF-8"?>
<!-- Generated by org.testng.reporters.JUnitReportReporter -->
<testsuite hostname="DESKTOP-BI2JSEP" failures="0" tests="1" name="selenium.testNG.WorkType.S01965_alertmessageforWorkType" time="29.436" errors="0" timestamp="2021-10-24T12:49:47 IST" skipped="0">
  <testcase classname="selenium.testNG.WorkType.S01965_alertmessageforWorkType" name="alertmessageforWorkType" time="29.436"/>
  <system-out/>
</testsuite> <!-- selenium.testNG.WorkType.S01965_alertmessageforWorkType -->
