<?xml version="1.0" encoding="UTF-8"?>
<!-- Generated by org.testng.reporters.JUnitReportReporter -->
<testsuite hostname="DESKTOP-BI2JSEP" failures="0" tests="4" name="selenium.POM.ThreadLocal.testcases.S017.S0156_CreateCasewithoutmandatoryfields" time="193.932" errors="0" timestamp="2021-10-30T10:41:38 IST" skipped="0">
  <testcase classname="selenium.POM.ThreadLocal.testcases.S017.S0156_CreateCasewithoutmandatoryfields" name="newCaseCreationNegative" time="46.386"/>
  <system-out/>
  <testcase classname="selenium.POM.ThreadLocal.testcases.S017.S0156_CreateCasewithoutmandatoryfields" name="newCaseCreationNegative" time="46.114"/>
  <system-out/>
  <testcase classname="selenium.POM.ThreadLocal.testcases.S017.S0156_CreateCasewithoutmandatoryfields" name="newCaseCreationNegative" time="51.968"/>
  <system-out/>
  <testcase classname="selenium.POM.ThreadLocal.testcases.S017.S0156_CreateCasewithoutmandatoryfields" name="newCaseCreationNegative" time="49.464"/>
  <system-out/>
</testsuite> <!-- selenium.POM.ThreadLocal.testcases.S017.S0156_CreateCasewithoutmandatoryfields -->
