<?xml version="1.0" encoding="UTF-8"?>
<!-- Generated by org.testng.reporters.JUnitReportReporter -->
<testsuite hostname="DESKTOP-BI2JSEP" failures="0" tests="3" name="selenium.S017.S0153_CreateNewCase" time="101.835" errors="0" timestamp="2021-10-17T19:36:10 IST" skipped="0">
  <testcase classname="selenium.S017.S0153_CreateNewCase" name="newCaseCreation" time="33.346"/>
  <system-out/>
  <testcase classname="selenium.S017.S0153_CreateNewCase" name="newCaseCreation" time="35.425"/>
  <system-out/>
  <testcase classname="selenium.S017.S0153_CreateNewCase" name="newCaseCreation" time="33.064"/>
  <system-out/>
</testsuite> <!-- selenium.S017.S0153_CreateNewCase -->
