<?xml version="1.0" encoding="UTF-8"?>
<!-- Generated by org.testng.reporters.JUnitReportReporter -->
<testsuite hostname="DESKTOP-BI2JSEP" failures="0" tests="2" name="selenium.testNG.WorkType.S01965_alertmessageforWorkType" time="67.909" errors="0" timestamp="2021-10-11T00:06:36 IST" skipped="0">
  <testcase classname="selenium.testNG.WorkType.S01965_alertmessageforWorkType" name="alertmessageforWorkType" time="37.225"/>
  <system-out/>
  <testcase classname="selenium.testNG.WorkType.S01965_alertmessageforWorkType" name="alertmessageforWorkType" time="30.684"/>
  <system-out/>
</testsuite> <!-- selenium.testNG.WorkType.S01965_alertmessageforWorkType -->
