<?xml version="1.0" encoding="UTF-8"?>
<!-- Generated by org.testng.reporters.JUnitReportReporter -->
<testsuite hostname="DESKTOP-BI2JSEP" failures="0" tests="6" name="selenium.POM.ThreadLocal.testcases.S017.S0153_CreateNewCase" time="249.931" errors="0" timestamp="2021-10-31T14:00:42 IST" skipped="0">
  <testcase classname="selenium.POM.ThreadLocal.testcases.S017.S0153_CreateNewCase" name="newCaseCreation" time="40.686"/>
  <system-out/>
  <testcase classname="selenium.POM.ThreadLocal.testcases.S017.S0153_CreateNewCase" name="newCaseCreation" time="37.224"/>
  <system-out/>
  <testcase classname="selenium.POM.ThreadLocal.testcases.S017.S0153_CreateNewCase" name="newCaseCreation" time="41.583"/>
  <system-out/>
  <testcase classname="selenium.POM.ThreadLocal.testcases.S017.S0153_CreateNewCase" name="newCaseCreation" time="46.354"/>
  <system-out/>
  <testcase classname="selenium.POM.ThreadLocal.testcases.S017.S0153_CreateNewCase" name="newCaseCreation" time="38.491"/>
  <system-out/>
  <testcase classname="selenium.POM.ThreadLocal.testcases.S017.S0153_CreateNewCase" name="newCaseCreation" time="45.593"/>
  <system-out/>
</testsuite> <!-- selenium.POM.ThreadLocal.testcases.S017.S0153_CreateNewCase -->
