<?xml version="1.0" encoding="UTF-8"?>
<!-- Generated by org.testng.reporters.JUnitReportReporter -->
<testsuite hostname="DESKTOP-BI2JSEP" failures="0" tests="1" name="selenium.week2.S0110.S011073_Certificationssortorder" time="39.482" errors="0" timestamp="2021-10-16T23:23:34 IST" skipped="0">
  <testcase classname="selenium.week2.S0110.S011073_Certificationssortorder" name="certificationSortingCheck" time="39.482"/>
  <system-out/>
</testsuite> <!-- selenium.week2.S0110.S011073_Certificationssortorder -->
