<?xml version="1.0" encoding="UTF-8"?>
<!-- Generated by org.testng.reporters.JUnitReportReporter -->
<testsuite hostname="DESKTOP-BI2JSEP" failures="0" tests="2" name="selenium.testNG.WorkType.S01961_CreateNewWorkType" time="85.578" errors="0" timestamp="2021-10-16T01:08:47 IST" skipped="0">
  <testcase classname="selenium.testNG.WorkType.S01961_CreateNewWorkType" name="CreateNewWorkType" time="39.603"/>
  <system-out/>
  <testcase classname="selenium.testNG.WorkType.S01961_CreateNewWorkType" name="CreateNewWorkType" time="45.975"/>
  <system-out/>
</testsuite> <!-- selenium.testNG.WorkType.S01961_CreateNewWorkType -->
