<?xml version="1.0" encoding="UTF-8"?>
<!-- Generated by org.testng.reporters.JUnitReportReporter -->
<testsuite hostname="DESKTOP-BI2JSEP" failures="0" tests="1" name="selenium.week2.S0110.S011074_NonProfitCertifications" time="40.054" errors="0" timestamp="2021-10-16T23:46:15 IST" skipped="0">
  <testcase classname="selenium.week2.S0110.S011074_NonProfitCertifications" name="NonProfitCertCheck" time="40.054"/>
  <system-out/>
</testsuite> <!-- selenium.week2.S0110.S011074_NonProfitCertifications -->
