<?xml version="1.0" encoding="UTF-8"?>
<!-- Generated by org.testng.reporters.JUnitReportReporter -->
<testsuite hostname="DESKTOP-BI2JSEP" failures="0" tests="7" name="selenium.POM.testcases.S017.S0154_EditCase" time="270.200" errors="0" timestamp="2021-10-25T23:45:41 IST" skipped="1">
  <testcase classname="selenium.POM.testcases.S017.S0154_EditCase" name="editCase" time="38.673"/>
  <system-out/>
  <testcase classname="selenium.POM.testcases.S017.S0154_EditCase" name="editCase" time="39.199"/>
  <system-out/>
  <testcase classname="selenium.POM.testcases.S017.S0154_EditCase" name="editCase" time="40.625"/>
  <system-out/>
  <testcase classname="selenium.POM.testcases.S017.S0154_EditCase" name="editCase" time="36.351"/>
  <system-out/>
  <testcase classname="selenium.POM.testcases.S017.S0154_EditCase" name="editCase" time="42.755">
    <skipped/>
  </testcase> <!-- editCase -->
  <system-out/>
  <testcase classname="selenium.POM.testcases.S017.S0154_EditCase" name="editCase" time="37.238"/>
  <system-out/>
  <testcase classname="selenium.POM.testcases.S017.S0154_EditCase" name="editCase" time="35.359"/>
  <system-out/>
</testsuite> <!-- selenium.POM.testcases.S017.S0154_EditCase -->
