<?xml version="1.0" encoding="UTF-8"?>
<!-- Generated by org.testng.reporters.JUnitReportReporter -->
<testsuite hostname="DESKTOP-BI2JSEP" failures="0" tests="2" name="selenium.S017.S0156_CreateCasewithoutmandatoryfields" time="79.057" errors="0" timestamp="2021-10-17T19:36:10 IST" skipped="0">
  <testcase classname="selenium.S017.S0156_CreateCasewithoutmandatoryfields" name="newCaseCreationNegative" time="38.723"/>
  <system-out/>
  <testcase classname="selenium.S017.S0156_CreateCasewithoutmandatoryfields" name="newCaseCreationNegative" time="40.334"/>
  <system-out/>
</testsuite> <!-- selenium.S017.S0156_CreateCasewithoutmandatoryfields -->
