<?xml version="1.0" encoding="UTF-8"?>
<!-- Generated by org.testng.reporters.JUnitReportReporter -->
<testsuite hostname="DESKTOP-BI2JSEP" failures="0" tests="3" name="selenium.POM.ThreadLocal.testcases.S012.S0132_SortAccounts" time="140.948" errors="0" timestamp="2021-10-31T11:28:11 IST" skipped="1">
  <testcase classname="selenium.POM.ThreadLocal.testcases.S012.S0132_SortAccounts" name="sortAcount" time="46.390">
    <skipped/>
  </testcase> <!-- sortAcount -->
  <system-out/>
  <testcase classname="selenium.POM.ThreadLocal.testcases.S012.S0132_SortAccounts" name="sortAcount" time="44.291"/>
  <system-out/>
  <testcase classname="selenium.POM.ThreadLocal.testcases.S012.S0132_SortAccounts" name="sortAcount" time="50.267"/>
  <system-out/>
</testsuite> <!-- selenium.POM.ThreadLocal.testcases.S012.S0132_SortAccounts -->
