<?xml version="1.0" encoding="UTF-8"?>
<!-- Generated by org.testng.reporters.JUnitReportReporter -->
<testsuite hostname="DESKTOP-BI2JSEP" failures="0" tests="3" name="selenium.S017.S0154_EditCase" time="89.615" errors="0" timestamp="2021-10-17T19:36:10 IST" skipped="0">
  <testcase classname="selenium.S017.S0154_EditCase" name="editCase" time="29.145"/>
  <system-out/>
  <testcase classname="selenium.S017.S0154_EditCase" name="editCase" time="25.475"/>
  <system-out/>
  <testcase classname="selenium.S017.S0154_EditCase" name="editCase" time="34.995"/>
  <system-out/>
</testsuite> <!-- selenium.S017.S0154_EditCase -->
