<?xml version="1.0" encoding="UTF-8"?>
<!-- Generated by org.testng.reporters.JUnitReportReporter -->
<testsuite hostname="DESKTOP-BI2JSEP" failures="0" tests="6" name="selenium.POM.testcases.S017.S0155_DeleteCase" time="205.967" errors="0" timestamp="2021-10-25T23:45:41 IST" skipped="0">
  <testcase classname="selenium.POM.testcases.S017.S0155_DeleteCase" name="deleteCase" time="35.167"/>
  <system-out/>
  <testcase classname="selenium.POM.testcases.S017.S0155_DeleteCase" name="deleteCase" time="32.277"/>
  <system-out/>
  <testcase classname="selenium.POM.testcases.S017.S0155_DeleteCase" name="deleteCase" time="32.612"/>
  <system-out/>
  <testcase classname="selenium.POM.testcases.S017.S0155_DeleteCase" name="deleteCase" time="35.697"/>
  <system-out/>
  <testcase classname="selenium.POM.testcases.S017.S0155_DeleteCase" name="deleteCase" time="38.965"/>
  <system-out/>
  <testcase classname="selenium.POM.testcases.S017.S0155_DeleteCase" name="deleteCase" time="31.249"/>
  <system-out/>
</testsuite> <!-- selenium.POM.testcases.S017.S0155_DeleteCase -->
