<?xml version="1.0" encoding="UTF-8"?>
<!-- Generated by org.testng.reporters.JUnitReportReporter -->
<testsuite hostname="DESKTOP-BI2JSEP" failures="0" tests="2" name="selenium.testNG.WorkType.S01963_EditWorkType" time="70.591" errors="0" timestamp="2021-10-16T01:08:47 IST" skipped="0">
  <testcase classname="selenium.testNG.WorkType.S01963_EditWorkType" name="EditWorkType" time="35.133"/>
  <system-out/>
  <testcase classname="selenium.testNG.WorkType.S01963_EditWorkType" name="EditWorkType" time="35.458"/>
  <system-out/>
</testsuite> <!-- selenium.testNG.WorkType.S01963_EditWorkType -->
